<?xml version="1.0" encoding="UTF-8"?>
<!-- Generated by org.testng.reporters.JUnitReportReporter -->
<testsuite hostname="DESKTOP-UJHM0FB" failures="0" tests="1" name="producttest.TeamOTest" time="2.967" errors="0" timestamp="2025-07-28T11:49:06 IST" skipped="0">
  <testcase classname="producttest.TeamOTest" name="Verify_If_User_Is_Able_To_Order_3_Products" time="2.967"/>
  <system-out>
    <![CDATA[browser terminate done]]>
  </system-out>
</testsuite> <!-- producttest.TeamOTest -->
